<?xml version="1.0" encoding="UTF-8"?>
<!-- Generated by org.testng.reporters.JUnitXMLReporter -->
<testsuite ignored="0" hostname="LAPTOP-HLSPD572" failures="1" tests="1" name="Test" time="0.055" errors="0" timestamp="2023-05-30T13:12:33 IST">
  <testcase classname="com.test.Verifypatchmethod" name="verify_patch_method" time="0.0">
    <failure type="org.testng.TestNGException" message="
Cannot inject @Test annotated Method [verify_patch_method] with [int].
For more information on native dependency injection please refer to https://testng.org/doc/documentation-main.html#native-dependency-injection">
      <![CDATA[org.testng.TestNGException: 
Cannot inject @Test annotated Method [verify_patch_method] with [int].
For more information on native dependency injection please refer to https://testng.org/doc/documentation-main.html#native-dependency-injection
at java.base/java.util.ArrayList.forEach(ArrayList.java:1511)
... Removed 26 stack frames]]>
    </failure>
  </testcase> <!-- verify_patch_method -->
</testsuite> <!-- Test -->
