<?xml version="1.0" encoding="UTF-8"?>
<testng-results ignored="0" total="1" passed="1" failed="0" skipped="0">
  <reporter-output>
  </reporter-output>
  <suite started-at="2023-05-30T15:54:47 IST" name="Default suite" finished-at="2023-05-30T15:54:50 IST" duration-ms="2964">
    <groups>
    </groups>
    <test started-at="2023-05-30T15:54:47 IST" name="Default test" finished-at="2023-05-30T15:54:50 IST" duration-ms="2964">
      <class name="com.test.verifydeletemethod">
        <test-method signature="verify_delete_method()[pri:0, instance:com.test.verifydeletemethod@5403f35f]" started-at="2023-05-30T15:54:47 IST" name="verify_delete_method" finished-at="2023-05-30T15:54:50 IST" duration-ms="2929" status="PASS">
          <reporter-output>
          </reporter-output>
        </test-method> <!-- verify_delete_method -->
      </class> <!-- com.test.verifydeletemethod -->
    </test> <!-- Default test -->
  </suite> <!-- Default suite -->
</testng-results>
